<?xml version="1.0" encoding="UTF-8"?>
<!-- Generated by org.testng.reporters.JUnitReportReporter -->
<testsuite hostname="5CG14493XS" failures="0" tests="5" name="Runner.Runner_class" time="59.347" errors="1" timestamp="2023-05-02T18:36:09 IST" skipped="0">
  <testcase classname="Runner.Runner_class" name="runScenario" time="10.156"/>
  <system-out/>
  <testcase classname="Runner.Runner_class" name="runScenario" time="18.438"/>
  <system-out/>
  <testcase classname="Runner.Runner_class" name="runScenario" time="8.433"/>
  <system-out/>
  <testcase classname="Runner.Runner_class" name="runScenario" time="8.208"/>
  <system-out/>
  <testcase classname="Runner.Runner_class" name="runScenario" time="14.112">
    <error message="Unable to find element with locator By.linkText: Forgotten Passwor
For documentation on this error, please visit: https://selenium.dev/exceptions/#no_such_element
Build info: version: &#039;4.9.0&#039;, revision: &#039;d7057100a6&#039;
System info: os.name: &#039;Windows 10&#039;, os.arch: &#039;amd64&#039;, os.version: &#039;10.0&#039;, java.version: &#039;17.0.6&#039;
Driver info: driver.version: RemoteWebDriver" type="org.openqa.selenium.NoSuchElementException">
      <![CDATA[org.openqa.selenium.NoSuchElementException: Unable to find element with locator By.linkText: Forgotten Passwor
For documentation on this error, please visit: https://selenium.dev/exceptions/#no_such_element
Build info: version: '4.9.0', revision: 'd7057100a6'
System info: os.name: 'Windows 10', os.arch: 'amd64', os.version: '10.0', java.version: '17.0.6'
Driver info: driver.version: RemoteWebDriver
at org.openqa.selenium.remote.ElementLocation$ElementFinder$2.findElement(ElementLocation.java:165)
at org.openqa.selenium.remote.ElementLocation.findElement(ElementLocation.java:60)
at org.openqa.selenium.remote.RemoteWebDriver.findElement(RemoteWebDriver.java:352)
at org.openqa.selenium.remote.RemoteWebDriver.findElement(RemoteWebDriver.java:344)
at com.PageObjectModel.LoginPage.forgotPasswordButtonClick(LoginPage.java:40)
at com.StepDef.LoginPage_Stepdef.i_click_on_the_forgotten_password_link(LoginPage_Stepdef.java:96)
at âœ½.I click on the forgotten password link(file:///C:/Users/10721254/eclipse-workspace/selenium/Resources/Features/Login_page.feature:28)
]]>
    </error>
  </testcase> <!-- runScenario -->
  <system-out/>
</testsuite> <!-- Runner.Runner_class -->
